{"C:\\Users\\alexb\\OneDrive\\Documentos\\estudos\\node.js\\test-jest\\tdd-test_3\\src\\routes.js": {"path":"C:\\Users\\alexb\\OneDrive\\Documentos\\estudos\\node.js\\test-jest\\tdd-test_3\\src\\routes.js","all":false,"statementMap":{"0":{"start":{"line":1,"column":0},"end":{"line":1,"column":35}},"1":{"start":{"line":2,"column":0},"end":{"line":2,"column":32}},"2":{"start":{"line":3,"column":0},"end":{"line":3,"column":60}},"3":{"start":{"line":4,"column":0},"end":{"line":4,"column":72}},"4":{"start":{"line":5,"column":0},"end":{"line":5,"column":72}},"5":{"start":{"line":6,"column":0},"end":{"line":6,"column":79}},"6":{"start":{"line":7,"column":0},"end":{"line":7,"column":0}},"7":{"start":{"line":8,"column":0},"end":{"line":8,"column":80}},"8":{"start":{"line":9,"column":0},"end":{"line":9,"column":62}},"9":{"start":{"line":10,"column":0},"end":{"line":10,"column":56}},"10":{"start":{"line":11,"column":0},"end":{"line":11,"column":65}},"11":{"start":{"line":12,"column":0},"end":{"line":12,"column":86}},"12":{"start":{"line":13,"column":0},"end":{"line":13,"column":0}},"13":{"start":{"line":14,"column":0},"end":{"line":14,"column":0}},"14":{"start":{"line":15,"column":0},"end":{"line":15,"column":24}}},"s":{"0":1,"1":1,"2":1,"3":1,"4":1,"5":1,"6":1,"7":1,"8":1,"9":1,"10":1,"11":1,"12":1,"13":1,"14":1},"branchMap":{},"b":{},"fnMap":{},"f":{}}
,"C:\\Users\\alexb\\OneDrive\\Documentos\\estudos\\node.js\\test-jest\\tdd-test_3\\src\\middlewares\\service\\senha.js": {"path":"C:\\Users\\alexb\\OneDrive\\Documentos\\estudos\\node.js\\test-jest\\tdd-test_3\\src\\middlewares\\service\\senha.js","all":false,"statementMap":{"0":{"start":{"line":1,"column":0},"end":{"line":1,"column":33}},"1":{"start":{"line":2,"column":0},"end":{"line":2,"column":0}},"2":{"start":{"line":3,"column":0},"end":{"line":3,"column":14}},"3":{"start":{"line":4,"column":0},"end":{"line":4,"column":33}},"4":{"start":{"line":5,"column":0},"end":{"line":5,"column":24}},"5":{"start":{"line":6,"column":0},"end":{"line":6,"column":51}},"6":{"start":{"line":7,"column":0},"end":{"line":7,"column":60}},"7":{"start":{"line":8,"column":0},"end":{"line":8,"column":25}},"8":{"start":{"line":9,"column":0},"end":{"line":9,"column":6}},"9":{"start":{"line":10,"column":0},"end":{"line":10,"column":42}},"10":{"start":{"line":11,"column":0},"end":{"line":11,"column":62}},"11":{"start":{"line":12,"column":0},"end":{"line":12,"column":22}},"12":{"start":{"line":13,"column":0},"end":{"line":13,"column":5}},"13":{"start":{"line":14,"column":0},"end":{"line":14,"column":1}},"14":{"start":{"line":15,"column":0},"end":{"line":15,"column":0}},"15":{"start":{"line":16,"column":0},"end":{"line":16,"column":22}}},"s":{"0":1,"1":1,"2":1,"3":1,"4":2,"5":2,"6":2,"7":2,"8":1,"9":1,"10":2,"11":2,"12":2,"13":1,"14":1,"15":1},"branchMap":{"0":{"type":"branch","line":4,"loc":{"start":{"line":4,"column":16},"end":{"line":9,"column":5}},"locations":[{"start":{"line":4,"column":16},"end":{"line":9,"column":5}}]},"1":{"type":"branch","line":10,"loc":{"start":{"line":10,"column":14},"end":{"line":13,"column":5}},"locations":[{"start":{"line":10,"column":14},"end":{"line":13,"column":5}}]}},"b":{"0":[2],"1":[2]},"fnMap":{"0":{"name":"createHash","decl":{"start":{"line":4,"column":16},"end":{"line":9,"column":5}},"loc":{"start":{"line":4,"column":16},"end":{"line":9,"column":5}},"line":4},"1":{"name":"findHash","decl":{"start":{"line":10,"column":14},"end":{"line":13,"column":5}},"loc":{"start":{"line":10,"column":14},"end":{"line":13,"column":5}},"line":10}},"f":{"0":2,"1":2}}
,"C:\\Users\\alexb\\OneDrive\\Documentos\\estudos\\node.js\\test-jest\\tdd-test_3\\src\\middlewares\\validators\\autentication.js": {"path":"C:\\Users\\alexb\\OneDrive\\Documentos\\estudos\\node.js\\test-jest\\tdd-test_3\\src\\middlewares\\validators\\autentication.js","all":false,"statementMap":{"0":{"start":{"line":1,"column":0},"end":{"line":1,"column":27}},"1":{"start":{"line":2,"column":0},"end":{"line":2,"column":36}},"2":{"start":{"line":3,"column":0},"end":{"line":3,"column":47}},"3":{"start":{"line":4,"column":0},"end":{"line":4,"column":39}},"4":{"start":{"line":5,"column":0},"end":{"line":5,"column":0}},"5":{"start":{"line":6,"column":0},"end":{"line":6,"column":23}},"6":{"start":{"line":7,"column":0},"end":{"line":7,"column":38}},"7":{"start":{"line":8,"column":0},"end":{"line":8,"column":12}},"8":{"start":{"line":9,"column":0},"end":{"line":9,"column":61}},"9":{"start":{"line":10,"column":0},"end":{"line":10,"column":29}},"10":{"start":{"line":11,"column":0},"end":{"line":11,"column":45}},"11":{"start":{"line":12,"column":0},"end":{"line":12,"column":48}},"12":{"start":{"line":13,"column":0},"end":{"line":13,"column":19}},"13":{"start":{"line":14,"column":0},"end":{"line":14,"column":13}},"14":{"start":{"line":15,"column":0},"end":{"line":15,"column":0}},"15":{"start":{"line":16,"column":0},"end":{"line":16,"column":49}},"16":{"start":{"line":17,"column":0},"end":{"line":17,"column":38}},"17":{"start":{"line":18,"column":0},"end":{"line":18,"column":45}},"18":{"start":{"line":19,"column":0},"end":{"line":19,"column":66}},"19":{"start":{"line":20,"column":0},"end":{"line":20,"column":18}},"20":{"start":{"line":21,"column":0},"end":{"line":21,"column":13}},"21":{"start":{"line":22,"column":0},"end":{"line":22,"column":0}},"22":{"start":{"line":23,"column":0},"end":{"line":23,"column":35}},"23":{"start":{"line":24,"column":0},"end":{"line":24,"column":0}},"24":{"start":{"line":25,"column":0},"end":{"line":25,"column":67}},"25":{"start":{"line":26,"column":0},"end":{"line":26,"column":24}},"26":{"start":{"line":27,"column":0},"end":{"line":27,"column":49}},"27":{"start":{"line":28,"column":0},"end":{"line":28,"column":60}},"28":{"start":{"line":29,"column":0},"end":{"line":29,"column":43}},"29":{"start":{"line":30,"column":0},"end":{"line":30,"column":23}},"30":{"start":{"line":31,"column":0},"end":{"line":31,"column":17}},"31":{"start":{"line":32,"column":0},"end":{"line":32,"column":0}},"32":{"start":{"line":33,"column":0},"end":{"line":33,"column":53}},"33":{"start":{"line":34,"column":0},"end":{"line":34,"column":0}},"34":{"start":{"line":35,"column":0},"end":{"line":35,"column":22}},"35":{"start":{"line":36,"column":0},"end":{"line":36,"column":15}},"36":{"start":{"line":37,"column":0},"end":{"line":37,"column":23}},"37":{"start":{"line":38,"column":0},"end":{"line":38,"column":77}},"38":{"start":{"line":39,"column":0},"end":{"line":39,"column":41}},"39":{"start":{"line":40,"column":0},"end":{"line":40,"column":66}},"40":{"start":{"line":41,"column":0},"end":{"line":41,"column":14}},"41":{"start":{"line":42,"column":0},"end":{"line":42,"column":9}},"42":{"start":{"line":43,"column":0},"end":{"line":43,"column":6}},"43":{"start":{"line":44,"column":0},"end":{"line":44,"column":0}},"44":{"start":{"line":45,"column":0},"end":{"line":45,"column":36}},"45":{"start":{"line":46,"column":0},"end":{"line":46,"column":12}},"46":{"start":{"line":47,"column":0},"end":{"line":47,"column":58}},"47":{"start":{"line":48,"column":0},"end":{"line":48,"column":33}},"48":{"start":{"line":49,"column":0},"end":{"line":49,"column":45}},"49":{"start":{"line":50,"column":0},"end":{"line":50,"column":64}},"50":{"start":{"line":51,"column":0},"end":{"line":51,"column":18}},"51":{"start":{"line":52,"column":0},"end":{"line":52,"column":13}},"52":{"start":{"line":53,"column":0},"end":{"line":53,"column":83}},"53":{"start":{"line":54,"column":0},"end":{"line":54,"column":24}},"54":{"start":{"line":55,"column":0},"end":{"line":55,"column":49}},"55":{"start":{"line":56,"column":0},"end":{"line":56,"column":43}},"56":{"start":{"line":57,"column":0},"end":{"line":57,"column":23}},"57":{"start":{"line":58,"column":0},"end":{"line":58,"column":17}},"58":{"start":{"line":59,"column":0},"end":{"line":59,"column":0}},"59":{"start":{"line":60,"column":0},"end":{"line":60,"column":64}},"60":{"start":{"line":61,"column":0},"end":{"line":61,"column":54}},"61":{"start":{"line":62,"column":0},"end":{"line":62,"column":39}},"62":{"start":{"line":63,"column":0},"end":{"line":63,"column":28}},"63":{"start":{"line":64,"column":0},"end":{"line":64,"column":42}},"64":{"start":{"line":65,"column":0},"end":{"line":65,"column":51}},"65":{"start":{"line":66,"column":0},"end":{"line":66,"column":49}},"66":{"start":{"line":67,"column":0},"end":{"line":67,"column":80}},"67":{"start":{"line":68,"column":0},"end":{"line":68,"column":50}},"68":{"start":{"line":69,"column":0},"end":{"line":69,"column":76}},"69":{"start":{"line":70,"column":0},"end":{"line":70,"column":42}},"70":{"start":{"line":71,"column":0},"end":{"line":71,"column":54}},"71":{"start":{"line":72,"column":0},"end":{"line":72,"column":27}},"72":{"start":{"line":73,"column":0},"end":{"line":73,"column":51}},"73":{"start":{"line":74,"column":0},"end":{"line":74,"column":27}},"74":{"start":{"line":75,"column":0},"end":{"line":75,"column":24}},"75":{"start":{"line":76,"column":0},"end":{"line":76,"column":49}},"76":{"start":{"line":77,"column":0},"end":{"line":77,"column":64}},"77":{"start":{"line":78,"column":0},"end":{"line":78,"column":49}},"78":{"start":{"line":79,"column":0},"end":{"line":79,"column":50}},"79":{"start":{"line":80,"column":0},"end":{"line":80,"column":22}},"80":{"start":{"line":81,"column":0},"end":{"line":81,"column":23}},"81":{"start":{"line":82,"column":0},"end":{"line":82,"column":79}},"82":{"start":{"line":83,"column":0},"end":{"line":83,"column":49}},"83":{"start":{"line":84,"column":0},"end":{"line":84,"column":78}},"84":{"start":{"line":85,"column":0},"end":{"line":85,"column":22}},"85":{"start":{"line":86,"column":0},"end":{"line":86,"column":17}},"86":{"start":{"line":87,"column":0},"end":{"line":87,"column":15}},"87":{"start":{"line":88,"column":0},"end":{"line":88,"column":0}},"88":{"start":{"line":89,"column":0},"end":{"line":89,"column":23}},"89":{"start":{"line":90,"column":0},"end":{"line":90,"column":75}},"90":{"start":{"line":91,"column":0},"end":{"line":91,"column":41}},"91":{"start":{"line":92,"column":0},"end":{"line":92,"column":64}},"92":{"start":{"line":93,"column":0},"end":{"line":93,"column":14}},"93":{"start":{"line":94,"column":0},"end":{"line":94,"column":15}},"94":{"start":{"line":95,"column":0},"end":{"line":95,"column":5}},"95":{"start":{"line":96,"column":0},"end":{"line":96,"column":1}},"96":{"start":{"line":97,"column":0},"end":{"line":97,"column":31}}},"s":{"0":1,"1":1,"2":1,"3":1,"4":1,"5":1,"6":1,"7":4,"8":4,"9":4,"10":1,"11":1,"12":1,"13":1,"14":3,"15":3,"16":4,"17":1,"18":1,"19":1,"20":1,"21":2,"22":2,"23":2,"24":2,"25":2,"26":1,"27":1,"28":1,"29":1,"30":1,"31":1,"32":1,"33":1,"34":1,"35":2,"36":4,"37":0,"38":0,"39":0,"40":0,"41":0,"42":1,"43":1,"44":1,"45":4,"46":4,"47":4,"48":1,"49":1,"50":1,"51":1,"52":3,"53":3,"54":1,"55":1,"56":1,"57":1,"58":2,"59":2,"60":2,"61":2,"62":3,"63":1,"64":1,"65":1,"66":1,"67":1,"68":1,"69":1,"70":1,"71":1,"72":1,"73":1,"74":1,"75":1,"76":1,"77":1,"78":1,"79":1,"80":1,"81":1,"82":1,"83":1,"84":1,"85":1,"86":3,"87":3,"88":4,"89":0,"90":0,"91":0,"92":0,"93":0,"94":4,"95":1,"96":1},"branchMap":{"0":{"type":"branch","line":7,"loc":{"start":{"line":7,"column":18},"end":{"line":43,"column":5}},"locations":[{"start":{"line":7,"column":18},"end":{"line":43,"column":5}}]},"1":{"type":"branch","line":10,"loc":{"start":{"line":10,"column":28},"end":{"line":14,"column":13}},"locations":[{"start":{"line":10,"column":28},"end":{"line":14,"column":13}}]},"2":{"type":"branch","line":14,"loc":{"start":{"line":14,"column":12},"end":{"line":17,"column":37}},"locations":[{"start":{"line":14,"column":12},"end":{"line":17,"column":37}}]},"3":{"type":"branch","line":17,"loc":{"start":{"line":17,"column":37},"end":{"line":21,"column":13}},"locations":[{"start":{"line":17,"column":37},"end":{"line":21,"column":13}}]},"4":{"type":"branch","line":21,"loc":{"start":{"line":21,"column":12},"end":{"line":37,"column":10}},"locations":[{"start":{"line":21,"column":12},"end":{"line":37,"column":10}}]},"5":{"type":"branch","line":37,"loc":{"start":{"line":37,"column":10},"end":{"line":42,"column":9}},"locations":[{"start":{"line":37,"column":10},"end":{"line":42,"column":9}}]},"6":{"type":"branch","line":25,"loc":{"start":{"line":25,"column":50},"end":{"line":36,"column":13}},"locations":[{"start":{"line":25,"column":50},"end":{"line":36,"column":13}}]},"7":{"type":"branch","line":26,"loc":{"start":{"line":26,"column":23},"end":{"line":36,"column":13}},"locations":[{"start":{"line":26,"column":23},"end":{"line":36,"column":13}}]},"8":{"type":"branch","line":45,"loc":{"start":{"line":45,"column":16},"end":{"line":95,"column":5}},"locations":[{"start":{"line":45,"column":16},"end":{"line":95,"column":5}}]},"9":{"type":"branch","line":48,"loc":{"start":{"line":48,"column":32},"end":{"line":52,"column":13}},"locations":[{"start":{"line":48,"column":32},"end":{"line":52,"column":13}}]},"10":{"type":"branch","line":52,"loc":{"start":{"line":52,"column":12},"end":{"line":89,"column":10}},"locations":[{"start":{"line":52,"column":12},"end":{"line":89,"column":10}}]},"11":{"type":"branch","line":89,"loc":{"start":{"line":89,"column":10},"end":{"line":94,"column":15}},"locations":[{"start":{"line":89,"column":10},"end":{"line":94,"column":15}}]},"12":{"type":"branch","line":53,"loc":{"start":{"line":53,"column":60},"end":{"line":87,"column":13}},"locations":[{"start":{"line":53,"column":60},"end":{"line":87,"column":13}}]},"13":{"type":"branch","line":54,"loc":{"start":{"line":54,"column":23},"end":{"line":58,"column":17}},"locations":[{"start":{"line":54,"column":23},"end":{"line":58,"column":17}}]},"14":{"type":"branch","line":58,"loc":{"start":{"line":58,"column":16},"end":{"line":63,"column":27}},"locations":[{"start":{"line":58,"column":16},"end":{"line":63,"column":27}}]},"15":{"type":"branch","line":63,"loc":{"start":{"line":63,"column":27},"end":{"line":86,"column":17}},"locations":[{"start":{"line":63,"column":27},"end":{"line":86,"column":17}}]}},"b":{"0":[4],"1":[1],"2":[3],"3":[1],"4":[2],"5":[0],"6":[2],"7":[1],"8":[4],"9":[1],"10":[3],"11":[0],"12":[3],"13":[1],"14":[2],"15":[1]},"fnMap":{"0":{"name":"verifyAccess","decl":{"start":{"line":7,"column":18},"end":{"line":43,"column":5}},"loc":{"start":{"line":7,"column":18},"end":{"line":43,"column":5}},"line":7},"1":{"name":"renewToken","decl":{"start":{"line":45,"column":16},"end":{"line":95,"column":5}},"loc":{"start":{"line":45,"column":16},"end":{"line":95,"column":5}},"line":45}},"f":{"0":4,"1":4}}
,"C:\\Users\\alexb\\OneDrive\\Documentos\\estudos\\node.js\\test-jest\\tdd-test_3\\src\\middlewares\\validators\\authorization.js": {"path":"C:\\Users\\alexb\\OneDrive\\Documentos\\estudos\\node.js\\test-jest\\tdd-test_3\\src\\middlewares\\validators\\authorization.js","all":false,"statementMap":{"0":{"start":{"line":1,"column":0},"end":{"line":1,"column":36}},"1":{"start":{"line":2,"column":0},"end":{"line":2,"column":27}},"2":{"start":{"line":3,"column":0},"end":{"line":3,"column":0}},"3":{"start":{"line":4,"column":0},"end":{"line":4,"column":36}},"4":{"start":{"line":5,"column":0},"end":{"line":5,"column":8}},"5":{"start":{"line":6,"column":0},"end":{"line":6,"column":58}},"6":{"start":{"line":7,"column":0},"end":{"line":7,"column":29}},"7":{"start":{"line":8,"column":0},"end":{"line":8,"column":45}},"8":{"start":{"line":9,"column":0},"end":{"line":9,"column":48}},"9":{"start":{"line":10,"column":0},"end":{"line":10,"column":19}},"10":{"start":{"line":11,"column":0},"end":{"line":11,"column":13}},"11":{"start":{"line":12,"column":0},"end":{"line":12,"column":0}},"12":{"start":{"line":13,"column":0},"end":{"line":13,"column":49}},"13":{"start":{"line":14,"column":0},"end":{"line":14,"column":38}},"14":{"start":{"line":15,"column":0},"end":{"line":15,"column":45}},"15":{"start":{"line":16,"column":0},"end":{"line":16,"column":66}},"16":{"start":{"line":17,"column":0},"end":{"line":17,"column":18}},"17":{"start":{"line":18,"column":0},"end":{"line":18,"column":13}},"18":{"start":{"line":19,"column":0},"end":{"line":19,"column":0}},"19":{"start":{"line":20,"column":0},"end":{"line":20,"column":41}},"20":{"start":{"line":21,"column":0},"end":{"line":21,"column":69}},"21":{"start":{"line":22,"column":0},"end":{"line":22,"column":24}},"22":{"start":{"line":23,"column":0},"end":{"line":23,"column":49}},"23":{"start":{"line":24,"column":0},"end":{"line":24,"column":59}},"24":{"start":{"line":25,"column":0},"end":{"line":25,"column":23}},"25":{"start":{"line":26,"column":0},"end":{"line":26,"column":17}},"26":{"start":{"line":27,"column":0},"end":{"line":27,"column":0}},"27":{"start":{"line":28,"column":0},"end":{"line":28,"column":40}},"28":{"start":{"line":29,"column":0},"end":{"line":29,"column":56}},"29":{"start":{"line":30,"column":0},"end":{"line":30,"column":0}},"30":{"start":{"line":31,"column":0},"end":{"line":31,"column":50}},"31":{"start":{"line":32,"column":0},"end":{"line":32,"column":42}},"32":{"start":{"line":33,"column":0},"end":{"line":33,"column":97}},"33":{"start":{"line":34,"column":0},"end":{"line":34,"column":23}},"34":{"start":{"line":35,"column":0},"end":{"line":35,"column":21}},"35":{"start":{"line":36,"column":0},"end":{"line":36,"column":10}},"36":{"start":{"line":37,"column":0},"end":{"line":37,"column":19}},"37":{"start":{"line":38,"column":0},"end":{"line":38,"column":74}},"38":{"start":{"line":39,"column":0},"end":{"line":39,"column":37}},"39":{"start":{"line":40,"column":0},"end":{"line":40,"column":63}},"40":{"start":{"line":41,"column":0},"end":{"line":41,"column":11}},"41":{"start":{"line":42,"column":0},"end":{"line":42,"column":5}},"42":{"start":{"line":43,"column":0},"end":{"line":43,"column":1}},"43":{"start":{"line":44,"column":0},"end":{"line":44,"column":0}},"44":{"start":{"line":45,"column":0},"end":{"line":45,"column":31}}},"s":{"0":1,"1":1,"2":1,"3":1,"4":11,"5":11,"6":11,"7":2,"8":2,"9":2,"10":2,"11":8,"12":8,"13":11,"14":3,"15":3,"16":3,"17":3,"18":5,"19":5,"20":5,"21":5,"22":1,"23":1,"24":1,"25":1,"26":4,"27":4,"28":4,"29":4,"30":5,"31":2,"32":2,"33":2,"34":2,"35":5,"36":11,"37":1,"38":1,"39":1,"40":1,"41":1,"42":11,"43":1,"44":1},"branchMap":{"0":{"type":"branch","line":4,"loc":{"start":{"line":4,"column":22},"end":{"line":43,"column":1}},"locations":[{"start":{"line":4,"column":22},"end":{"line":43,"column":1}}]},"1":{"type":"branch","line":7,"loc":{"start":{"line":7,"column":28},"end":{"line":11,"column":13}},"locations":[{"start":{"line":7,"column":28},"end":{"line":11,"column":13}}]},"2":{"type":"branch","line":11,"loc":{"start":{"line":11,"column":12},"end":{"line":14,"column":37}},"locations":[{"start":{"line":11,"column":12},"end":{"line":14,"column":37}}]},"3":{"type":"branch","line":14,"loc":{"start":{"line":14,"column":37},"end":{"line":18,"column":13}},"locations":[{"start":{"line":14,"column":37},"end":{"line":18,"column":13}}]},"4":{"type":"branch","line":18,"loc":{"start":{"line":18,"column":12},"end":{"line":37,"column":6}},"locations":[{"start":{"line":18,"column":12},"end":{"line":37,"column":6}}]},"5":{"type":"branch","line":37,"loc":{"start":{"line":37,"column":6},"end":{"line":42,"column":5}},"locations":[{"start":{"line":37,"column":6},"end":{"line":42,"column":5}}]},"6":{"type":"branch","line":21,"loc":{"start":{"line":21,"column":52},"end":{"line":36,"column":9}},"locations":[{"start":{"line":21,"column":52},"end":{"line":36,"column":9}}]},"7":{"type":"branch","line":22,"loc":{"start":{"line":22,"column":23},"end":{"line":26,"column":17}},"locations":[{"start":{"line":22,"column":23},"end":{"line":26,"column":17}}]},"8":{"type":"branch","line":26,"loc":{"start":{"line":26,"column":16},"end":{"line":31,"column":49}},"locations":[{"start":{"line":26,"column":16},"end":{"line":31,"column":49}}]},"9":{"type":"branch","line":31,"loc":{"start":{"line":31,"column":49},"end":{"line":35,"column":21}},"locations":[{"start":{"line":31,"column":49},"end":{"line":35,"column":21}}]}},"b":{"0":[11],"1":[2],"2":[8],"3":[3],"4":[5],"5":[1],"6":[5],"7":[1],"8":[4],"9":[2]},"fnMap":{"0":{"name":"authorization","decl":{"start":{"line":4,"column":22},"end":{"line":43,"column":1}},"loc":{"start":{"line":4,"column":22},"end":{"line":43,"column":1}},"line":4}},"f":{"0":11}}
,"C:\\Users\\alexb\\OneDrive\\Documentos\\estudos\\node.js\\test-jest\\tdd-test_3\\src\\middlewares\\validators\\controllersValidator.js": {"path":"C:\\Users\\alexb\\OneDrive\\Documentos\\estudos\\node.js\\test-jest\\tdd-test_3\\src\\middlewares\\validators\\controllersValidator.js","all":false,"statementMap":{"0":{"start":{"line":1,"column":0},"end":{"line":1,"column":46}},"1":{"start":{"line":2,"column":0},"end":{"line":2,"column":0}},"2":{"start":{"line":3,"column":0},"end":{"line":3,"column":23}},"3":{"start":{"line":4,"column":0},"end":{"line":4,"column":0}},"4":{"start":{"line":5,"column":0},"end":{"line":5,"column":58}},"5":{"start":{"line":6,"column":0},"end":{"line":6,"column":92}},"6":{"start":{"line":7,"column":0},"end":{"line":7,"column":97}},"7":{"start":{"line":8,"column":0},"end":{"line":8,"column":5}},"8":{"start":{"line":9,"column":0},"end":{"line":9,"column":0}},"9":{"start":{"line":10,"column":0},"end":{"line":10,"column":4}},"10":{"start":{"line":11,"column":0},"end":{"line":11,"column":59}},"11":{"start":{"line":12,"column":0},"end":{"line":12,"column":68}},"12":{"start":{"line":13,"column":0},"end":{"line":13,"column":5}},"13":{"start":{"line":14,"column":0},"end":{"line":14,"column":0}},"14":{"start":{"line":15,"column":0},"end":{"line":15,"column":59}},"15":{"start":{"line":16,"column":0},"end":{"line":16,"column":104}},"16":{"start":{"line":17,"column":0},"end":{"line":17,"column":2}},"17":{"start":{"line":18,"column":0},"end":{"line":18,"column":0}},"18":{"start":{"line":19,"column":0},"end":{"line":19,"column":31}}},"s":{"0":1,"1":1,"2":1,"3":1,"4":1,"5":1,"6":1,"7":1,"8":1,"9":1,"10":1,"11":1,"12":1,"13":1,"14":1,"15":1,"16":1,"17":1,"18":1},"branchMap":{},"b":{},"fnMap":{},"f":{}}
}
