TN:
SF:src\routes.js
FNF:0
FNH:0
DA:1,1
DA:2,1
DA:3,1
DA:4,1
DA:5,1
DA:6,1
DA:7,1
DA:8,1
DA:9,1
DA:10,1
DA:11,1
DA:12,1
DA:13,1
DA:14,1
DA:15,1
LF:15
LH:15
BRF:0
BRH:0
end_of_record
TN:
SF:src\middlewares\service\senha.js
FN:4,createHash
FN:10,findHash
FNF:2
FNH:2
FNDA:2,createHash
FNDA:2,findHash
DA:1,1
DA:2,1
DA:3,1
DA:4,1
DA:5,2
DA:6,2
DA:7,2
DA:8,2
DA:9,1
DA:10,1
DA:11,2
DA:12,2
DA:13,2
DA:14,1
DA:15,1
DA:16,1
LF:16
LH:16
BRDA:4,0,0,2
BRDA:10,1,0,2
BRF:2
BRH:2
end_of_record
TN:
SF:src\middlewares\validators\autentication.js
FN:7,verifyAccess
FN:45,renewToken
FNF:2
FNH:2
FNDA:4,verifyAccess
FNDA:4,renewToken
DA:1,1
DA:2,1
DA:3,1
DA:4,1
DA:5,1
DA:6,1
DA:7,1
DA:8,4
DA:9,4
DA:10,4
DA:11,1
DA:12,1
DA:13,1
DA:14,1
DA:15,3
DA:16,3
DA:17,4
DA:18,1
DA:19,1
DA:20,1
DA:21,1
DA:22,2
DA:23,2
DA:24,2
DA:25,2
DA:26,2
DA:27,1
DA:28,1
DA:29,1
DA:30,1
DA:31,1
DA:32,1
DA:33,1
DA:34,1
DA:35,1
DA:36,2
DA:37,4
DA:38,0
DA:39,0
DA:40,0
DA:41,0
DA:42,0
DA:43,1
DA:44,1
DA:45,1
DA:46,4
DA:47,4
DA:48,4
DA:49,1
DA:50,1
DA:51,1
DA:52,1
DA:53,3
DA:54,3
DA:55,1
DA:56,1
DA:57,1
DA:58,1
DA:59,2
DA:60,2
DA:61,2
DA:62,2
DA:63,3
DA:64,1
DA:65,1
DA:66,1
DA:67,1
DA:68,1
DA:69,1
DA:70,1
DA:71,1
DA:72,1
DA:73,1
DA:74,1
DA:75,1
DA:76,1
DA:77,1
DA:78,1
DA:79,1
DA:80,1
DA:81,1
DA:82,1
DA:83,1
DA:84,1
DA:85,1
DA:86,1
DA:87,3
DA:88,3
DA:89,4
DA:90,0
DA:91,0
DA:92,0
DA:93,0
DA:94,0
DA:95,4
DA:96,1
DA:97,1
LF:97
LH:87
BRDA:7,0,0,4
BRDA:10,1,0,1
BRDA:14,2,0,3
BRDA:17,3,0,1
BRDA:21,4,0,2
BRDA:37,5,0,0
BRDA:25,6,0,2
BRDA:26,7,0,1
BRDA:45,8,0,4
BRDA:48,9,0,1
BRDA:52,10,0,3
BRDA:89,11,0,0
BRDA:53,12,0,3
BRDA:54,13,0,1
BRDA:58,14,0,2
BRDA:63,15,0,1
BRF:16
BRH:14
end_of_record
TN:
SF:src\middlewares\validators\authorization.js
FN:4,authorization
FNF:1
FNH:1
FNDA:11,authorization
DA:1,1
DA:2,1
DA:3,1
DA:4,1
DA:5,11
DA:6,11
DA:7,11
DA:8,2
DA:9,2
DA:10,2
DA:11,2
DA:12,8
DA:13,8
DA:14,11
DA:15,3
DA:16,3
DA:17,3
DA:18,3
DA:19,5
DA:20,5
DA:21,5
DA:22,5
DA:23,1
DA:24,1
DA:25,1
DA:26,1
DA:27,4
DA:28,4
DA:29,4
DA:30,4
DA:31,5
DA:32,2
DA:33,2
DA:34,2
DA:35,2
DA:36,5
DA:37,11
DA:38,1
DA:39,1
DA:40,1
DA:41,1
DA:42,1
DA:43,11
DA:44,1
DA:45,1
LF:45
LH:45
BRDA:4,0,0,11
BRDA:7,1,0,2
BRDA:11,2,0,8
BRDA:14,3,0,3
BRDA:18,4,0,5
BRDA:37,5,0,1
BRDA:21,6,0,5
BRDA:22,7,0,1
BRDA:26,8,0,4
BRDA:31,9,0,2
BRF:10
BRH:10
end_of_record
TN:
SF:src\middlewares\validators\controllersValidator.js
FNF:0
FNH:0
DA:1,1
DA:2,1
DA:3,1
DA:4,1
DA:5,1
DA:6,1
DA:7,1
DA:8,1
DA:9,1
DA:10,1
DA:11,1
DA:12,1
DA:13,1
DA:14,1
DA:15,1
DA:16,1
DA:17,1
DA:18,1
DA:19,1
LF:19
LH:19
BRF:0
BRH:0
end_of_record
